<?xml version="1.0" encoding="UTF-8"?>
<!-- Generated by org.testng.reporters.JUnitReportReporter -->
<testsuite name="Selenium.WebDriver.Test_WebDriverDemo" tests="1" time="2.572" ignored="0" failures="0" timestamp="09 四月 2017 09:27:38 GMT" skipped="0" hostname="2016-20160913UF" errors="0">
  <testcase name="test_select" time="2.572" classname="Selenium.WebDriver.Test_WebDriverDemo"/>
</testsuite> <!-- Selenium.WebDriver.Test_WebDriverDemo -->
